Aug 03, 2025 2:05:47 PM liquibase.changelog
INFO: Reading resource: db.migrations/migrations/db.migrations-31071300.sql
Aug 03, 2025 2:05:48 PM liquibase.changelog
INFO: Reading from board.DATABASECHANGELOG
Aug 03, 2025 2:05:48 PM liquibase.changelog
INFO: Reading resource: db.migrations/migrations/db.migrations-31071640.sql
Aug 03, 2025 2:05:48 PM liquibase.changelog
INFO: Reading resource: db.migrations/migrations/db.migrations-31071650.sql
Aug 03, 2025 2:05:48 PM liquibase.changelog
INFO: Reading resource: db.migrations/migrations/db.migrations-32071640.sql
Database is up to date, no changesets to execute
Aug 03, 2025 2:05:48 PM liquibase.changelog
INFO: Reading from board.DATABASECHANGELOG

UPDATE SUMMARY
Run:                          0
Previously run:               4
Filtered out:                 0
-------------------------------
Total change sets:            4

Aug 03, 2025 2:05:48 PM liquibase.util
INFO: UPDATE SUMMARY
Aug 03, 2025 2:05:48 PM liquibase.util
INFO: Run:                          0
Aug 03, 2025 2:05:48 PM liquibase.util
INFO: Previously run:               4
Aug 03, 2025 2:05:48 PM liquibase.util
INFO: Filtered out:                 0
Aug 03, 2025 2:05:48 PM liquibase.util
INFO: -------------------------------
Aug 03, 2025 2:05:48 PM liquibase.util
INFO: Total change sets:            4
Aug 03, 2025 2:05:48 PM liquibase.util
INFO: Update summary generated
Aug 03, 2025 2:05:48 PM liquibase.command
INFO: Command execution complete
